生成启动时间为 2017/6/6 19:01:07。
     1>项目“C:\Users\machenike\Desktop\DataVisualize_Demo\DataVisualize_Demo\DataVisualize_Demo.vcxproj”在节点 2 上(Build 个目标)。
     1>ClCompile:
         C:\Program Files (x86)\Microsoft Visual Studio 12.0\VC\bin\CL.exe /c /Zi /nologo /W3 /WX- /sdl /O2 /Oi /Oy- /GL /D WIN32 /D NDEBUG /D _WINDOWS /D _UNICODE /D UNICODE /Gm- /EHsc /MT /GS /Gy /fp:precise /Zc:wchar_t /Zc:forScope /Yc"stdafx.h" /Fp"Release\DataVisualize_Demo.pch" /Fo"Release\\" /Fd"Release\vc120.pdb" /Gd /TP /analyze- /errorReport:prompt stdafx.cpp
         stdafx.cpp
         C:\Program Files (x86)\Microsoft Visual Studio 12.0\VC\bin\CL.exe /c /Zi /nologo /W3 /WX- /sdl /O2 /Oi /Oy- /GL /D WIN32 /D NDEBUG /D _WINDOWS /D _UNICODE /D UNICODE /Gm- /EHsc /MT /GS /Gy /fp:precise /Zc:wchar_t /Zc:forScope /Yu"stdafx.h" /Fp"Release\DataVisualize_Demo.pch" /Fo"Release\\" /Fd"Release\vc120.pdb" /Gd /TP /analyze- /errorReport:prompt cMyTimer.cpp DataVisualize_Demo.cpp Plot.cpp
         cMyTimer.cpp
         DataVisualize_Demo.cpp
     1>c:\users\machenike\desktop\datavisualize_demo\datavisualize_demo\Plot.h(88): warning C4244: “return”: 从“double”转换到“float”，可能丢失数据
     1>c:\users\machenike\desktop\datavisualize_demo\datavisualize_demo\Plot.h(89): warning C4244: “return”: 从“double”转换到“float”，可能丢失数据
     1>c:\users\machenike\desktop\datavisualize_demo\datavisualize_demo\Plot.h(90): warning C4244: “return”: 从“double”转换到“float”，可能丢失数据
     1>c:\users\machenike\desktop\datavisualize_demo\datavisualize_demo\Plot.h(91): warning C4244: “return”: 从“double”转换到“float”，可能丢失数据
     1>DataVisualize_Demo.cpp(192): warning C4305: “参数”: 从“double”到“float”截断
         Plot.cpp
     1>c:\users\machenike\desktop\datavisualize_demo\datavisualize_demo\Plot.h(88): warning C4244: “return”: 从“double”转换到“float”，可能丢失数据
     1>c:\users\machenike\desktop\datavisualize_demo\datavisualize_demo\Plot.h(89): warning C4244: “return”: 从“double”转换到“float”，可能丢失数据
     1>c:\users\machenike\desktop\datavisualize_demo\datavisualize_demo\Plot.h(90): warning C4244: “return”: 从“double”转换到“float”，可能丢失数据
     1>c:\users\machenike\desktop\datavisualize_demo\datavisualize_demo\Plot.h(91): warning C4244: “return”: 从“double”转换到“float”，可能丢失数据
     1>Plot.cpp(168): warning C4800: “BOOL”: 将值强制为布尔值“true”或“false”(性能警告)
     1>Plot.cpp(183): warning C4244: “参数”: 从“float”转换到“GLsizei”，可能丢失数据
     1>Plot.cpp(183): warning C4244: “参数”: 从“float”转换到“GLint”，可能丢失数据
     1>Plot.cpp(221): warning C4244: “初始化”: 从“double”转换到“float”，可能丢失数据
     1>Plot.cpp(222): warning C4244: “+=”: 从“double”转换到“float”，可能丢失数据
     1>Plot.cpp(224): warning C4244: “参数”: 从“double”转换到“GLfloat”，可能丢失数据
     1>Plot.cpp(225): warning C4244: “参数”: 从“double”转换到“GLfloat”，可能丢失数据
     1>Plot.cpp(228): warning C4244: “初始化”: 从“double”转换到“float”，可能丢失数据
     1>Plot.cpp(229): warning C4244: “+=”: 从“double”转换到“float”，可能丢失数据
     1>Plot.cpp(231): warning C4244: “参数”: 从“double”转换到“GLfloat”，可能丢失数据
     1>Plot.cpp(232): warning C4244: “参数”: 从“double”转换到“GLfloat”，可能丢失数据
     1>Plot.cpp(242): warning C4244: “参数”: 从“double”转换到“GLfloat”，可能丢失数据
     1>Plot.cpp(243): warning C4244: “参数”: 从“double”转换到“GLfloat”，可能丢失数据
     1>Plot.cpp(244): warning C4244: “参数”: 从“double”转换到“GLfloat”，可能丢失数据
     1>Plot.cpp(245): warning C4244: “参数”: 从“double”转换到“GLfloat”，可能丢失数据
     1>Plot.cpp(247): warning C4244: “参数”: 从“double”转换到“GLfloat”，可能丢失数据
     1>Plot.cpp(248): warning C4244: “参数”: 从“double”转换到“GLfloat”，可能丢失数据
     1>Plot.cpp(249): warning C4244: “参数”: 从“double”转换到“GLfloat”，可能丢失数据
     1>Plot.cpp(250): warning C4244: “参数”: 从“double”转换到“GLfloat”，可能丢失数据
     1>Plot.cpp(259): warning C4244: “参数”: 从“double”转换到“GLfloat”，可能丢失数据
     1>Plot.cpp(302): warning C4244: “=”: 从“float”转换到“int”，可能丢失数据
     1>Plot.cpp(303): warning C4244: “=”: 从“float”转换到“int”，可能丢失数据
     1>Plot.cpp(310): warning C4244: “=”: 从“float”转换到“int”，可能丢失数据
     1>Plot.cpp(311): warning C4244: “=”: 从“float”转换到“int”，可能丢失数据
     1>Plot.cpp(319): warning C4244: “=”: 从“float”转换到“int”，可能丢失数据
     1>Plot.cpp(320): warning C4244: “=”: 从“float”转换到“int”，可能丢失数据
     1>Plot.cpp(328): warning C4244: “=”: 从“float”转换到“int”，可能丢失数据
     1>Plot.cpp(329): warning C4244: “=”: 从“float”转换到“int”，可能丢失数据
     1>Plot.cpp(342): warning C4244: “=”: 从“double”转换到“float”，可能丢失数据
     1>Plot.cpp(343): warning C4244: “=”: 从“double”转换到“float”，可能丢失数据
     1>Plot.cpp(344): warning C4244: “=”: 从“double”转换到“float”，可能丢失数据
     1>Plot.cpp(345): warning C4244: “=”: 从“double”转换到“float”，可能丢失数据
     1>Plot.cpp(635): warning C4244: “=”: 从“double”转换到“float”，可能丢失数据
     1>Plot.cpp(636): warning C4244: “=”: 从“double”转换到“float”，可能丢失数据
     1>Plot.cpp(644): warning C4244: “=”: 从“double”转换到“LONG”，可能丢失数据
     1>Plot.cpp(645): warning C4244: “=”: 从“double”转换到“LONG”，可能丢失数据
     1>Plot.cpp(722): warning C4244: “参数”: 从“double”转换到“GLfloat”，可能丢失数据
     1>Plot.cpp(748): warning C4244: “参数”: 从“double”转换到“GLfloat”，可能丢失数据
     1>Plot.cpp(765): warning C4244: “参数”: 从“double”转换到“GLfloat”，可能丢失数据
       Link:
         C:\Program Files (x86)\Microsoft Visual Studio 12.0\VC\bin\link.exe /ERRORREPORT:PROMPT /OUT:"C:\Users\machenike\Desktop\DataVisualize_Demo\Release\DataVisualize_Demo.exe" /INCREMENTAL:NO /NOLOGO kernel32.lib user32.lib gdi32.lib winspool.lib comdlg32.lib advapi32.lib shell32.lib ole32.lib oleaut32.lib uuid.lib odbc32.lib odbccp32.lib /MANIFEST /MANIFESTUAC:"level='asInvoker' uiAccess='false'" /manifest:embed /DEBUG /PDB:"C:\Users\machenike\Desktop\DataVisualize_Demo\Release\DataVisualize_Demo.pdb" /SUBSYSTEM:WINDOWS /OPT:REF /OPT:ICF /LTCG /TLBID:1 /DYNAMICBASE /NXCOMPAT /IMPLIB:"C:\Users\machenike\Desktop\DataVisualize_Demo\Release\DataVisualize_Demo.lib" /MACHINE:X86 /SAFESEH /SAFESEH:NO Release\DataVisualize_Demo.res
         Release\cMyTimer.obj
         Release\DataVisualize_Demo.obj
         Release\Plot.obj
         Release\stdafx.obj
         正在生成代码
         已完成代码的生成
         DataVisualize_Demo.vcxproj -> C:\Users\machenike\Desktop\DataVisualize_Demo\Release\DataVisualize_Demo.exe
     1>已完成生成项目“C:\Users\machenike\Desktop\DataVisualize_Demo\DataVisualize_Demo\DataVisualize_Demo.vcxproj”(Build 个目标)的操作。

生成成功。

已用时间 00:00:17.74
