f:\program\择善教育\datavisualize_demo\datavisualize_demo\debug\vc120.pdb
c:\users\machenike\desktop\datavisualize_demo\datavisualize_demo\debug\datavisualize_demo.pch
c:\users\machenike\desktop\datavisualize_demo\datavisualize_demo\debug\vc120.pdb
c:\users\machenike\desktop\datavisualize_demo\datavisualize_demo\debug\vc120.idb
c:\users\machenike\desktop\datavisualize_demo\datavisualize_demo\debug\stdafx.obj
c:\users\machenike\desktop\datavisualize_demo\datavisualize_demo\debug\cmytimer.obj
c:\users\machenike\desktop\datavisualize_demo\datavisualize_demo\debug\datavisualize_demo.obj
c:\users\machenike\desktop\datavisualize_demo\datavisualize_demo\debug\plot.obj
f:\program\择善教育\datavisualize_demo\debug\datavisualize_demo.ilk
f:\program\择善教育\datavisualize_demo\debug\datavisualize_demo.exe
f:\program\择善教育\datavisualize_demo\debug\datavisualize_demo.pdb
c:\users\machenike\desktop\datavisualize_demo\debug\datavisualize_demo.ilk
c:\users\machenike\desktop\datavisualize_demo\debug\datavisualize_demo.exe
c:\users\machenike\desktop\datavisualize_demo\debug\datavisualize_demo.pdb
c:\users\machenike\desktop\datavisualize_demo\datavisualize_demo\debug\datavisualize_demo.res
c:\users\machenike\desktop\datavisualize_demo\datavisualize_demo\debug\datavisu.e2beac50.tlog\cl.command.1.tlog
c:\users\machenike\desktop\datavisualize_demo\datavisualize_demo\debug\datavisu.e2beac50.tlog\cl.read.1.tlog
c:\users\machenike\desktop\datavisualize_demo\datavisualize_demo\debug\datavisu.e2beac50.tlog\cl.write.1.tlog
c:\users\machenike\desktop\datavisualize_demo\datavisualize_demo\debug\datavisu.e2beac50.tlog\link.command.1.tlog
c:\users\machenike\desktop\datavisualize_demo\datavisualize_demo\debug\datavisu.e2beac50.tlog\link.read.1.tlog
c:\users\machenike\desktop\datavisualize_demo\datavisualize_demo\debug\datavisu.e2beac50.tlog\link.write.1.tlog
c:\users\machenike\desktop\datavisualize_demo\datavisualize_demo\debug\datavisu.e2beac50.tlog\rc.command.1.tlog
c:\users\machenike\desktop\datavisualize_demo\datavisualize_demo\debug\datavisu.e2beac50.tlog\rc.read.1.tlog
c:\users\machenike\desktop\datavisualize_demo\datavisualize_demo\debug\datavisu.e2beac50.tlog\rc.write.1.tlog
